Parameters: <number threads 1..16> <workload: 16..1_000_000_000> <grainSize: 1..workload> <slowMode: true/false>
Not enough parameters: []
#nThreads #workload #grainSize #timeS #speedup
1 10000000 16 7.458 1.00
2 10000000 16 5.469 1.36
4 10000000 16 3.475 2.15
8 10000000 16 3.512 2.12
16 10000000 16 3.779 1.97
#nThreads #workload #grainSize #timeS #speedup
1 10000000 64 6.376 1.00
2 10000000 64 4.567 1.40
4 10000000 64 3.094 2.06
8 10000000 64 2.489 2.56
16 10000000 64 2.607 2.45
#nThreads #workload #grainSize #timeS #speedup
1 10000000 256 7.432 1.00
2 10000000 256 4.745 1.57
4 10000000 256 3.059 2.43
8 10000000 256 2.465 3.02
16 10000000 256 2.293 3.24
#nThreads #workload #grainSize #timeS #speedup
1 10000000 1024 7.447 1.00
2 10000000 1024 4.25 1.75
4 10000000 1024 3.194 2.33
8 10000000 1024 1.825 4.08
16 10000000 1024 1.382 5.39
Pleciamumo testas:
#workload #time1 #time2 #speedup
31250 0.009 0.004 2.25
62500 0.017 0.011 1.55
125000 0.042 0.025 1.68
250000 0.078 0.036 2.17
500000 0.179 0.079 2.27
1000000 0.467 0.189 2.47
2000000 1.026 0.333 3.08
4000000 2.259 0.749 3.02
8000000 5.189 1.98 2.62
16000000 11.136 3.49 3.19
32000000 22.836 8.151 2.80
